<!DOCTYPE html PUBLIC "-//W3C//DTD XHTML 1.1//EN" "http://www.w3.org/TR/xhtml11/DTD/xhtml11.dtd">
<html xmlns="http://www.w3.org/1999/xhtml"><head><title>TestNG Report</title><style type="text/css">table {margin-bottom:10px;border-collapse:collapse;empty-cells:show}th,td {border:1px solid #009;padding:.25em .5em}th {vertical-align:bottom}td {vertical-align:top}table a {font-weight:bold}.stripe td {background-color: #E6EBF9}.num {text-align:right}.passedodd td {background-color: #3F3}.passedeven td {background-color: #0A0}.skippedodd td {background-color: #DDD}.skippedeven td {background-color: #CCC}.failedodd td,.attn {background-color: #F33}.failedeven td,.stripe .attn {background-color: #D00}.stacktrace {white-space:pre;font-family:monospace}.totop {font-size:85%;text-align:center;border-bottom:2px solid #000}</style></head><body><table><tr><th>Test</th><th># Passed</th><th># Skipped</th><th># Failed</th><th>Time (ms)</th><th>Included Groups</th><th>Excluded Groups</th></tr><tr><th colspan="7">Regression testsuite</th></tr><tr><td><a href="#t0">Regression testcases</a></td><td class="num">1</td><td class="num">0</td><td class="num attn">1</td><td class="num">38,358</td><td></td><td></td></tr></table><table><thead><tr><th>Class</th><th>Method</th><th>Start</th><th>Time (ms)</th></tr></thead><tbody><tr><th colspan="4">Regression testsuite</th></tr></tbody><tbody id="t0"><tr><th colspan="4">Regression testcases &#8212; failed</th></tr><tr class="failedeven"><td rowspan="1">com.knorex.application.CampaignManagement</td><td><a href="#m0">normalcampaign</a></td><td rowspan="1">1452163863061</td><td rowspan="1">25</td></tr><tr><th colspan="4">Regression testcases &#8212; passed</th></tr><tr class="passedeven"><td rowspan="1">com.knorex.application.UserManagement</td><td><a href="#m1">create_internal_user</a></td><td rowspan="1">1452163825104</td><td rowspan="1">37953</td></tr></tbody></table><h2>Regression testcases</h2><h3 id="m0">com.knorex.application.CampaignManagement#normalcampaign</h3><table class="result"><tr><th>Exception</th></tr><tr><td><div class="stacktrace">org.openqa.selenium.NoSuchWindowException: Window not found. The browser window may have been closed.
Command duration or timeout: 18 milliseconds
Build info: version: &apos;2.48.2&apos;, revision: &apos;41bccdd&apos;, time: &apos;2015-10-09 19:55:52&apos;
System info: host: &apos;Hong-Van.local&apos;, ip: &apos;192.168.1.76&apos;, os.name: &apos;Mac OS X&apos;, os.arch: &apos;x86_64&apos;, os.version: &apos;10.11.2&apos;, java.version: &apos;1.8.0_66&apos;
Driver info: org.openqa.selenium.firefox.FirefoxDriver
Capabilities [{applicationCacheEnabled=true, rotatable=false, handlesAlerts=true, databaseEnabled=true, version=43.0.4, platform=MAC, nativeEvents=false, acceptSslCerts=true, webStorageEnabled=true, locationContextEnabled=true, browserName=firefox, takesScreenshot=true, javascriptEnabled=true, cssSelectorsEnabled=true}]
Session ID: c44b5d10-a72a-3544-b82e-ff8c4046333b
*** Element info: {Using=xpath, value=id(&apos;P21&apos;)/a}
	at org.openqa.selenium.remote.ErrorHandler.createThrowable(ErrorHandler.java:206)
	at org.openqa.selenium.remote.ErrorHandler.throwIfResponseFailed(ErrorHandler.java:158)
	at org.openqa.selenium.remote.RemoteWebDriver.execute(RemoteWebDriver.java:647)
	at org.openqa.selenium.remote.RemoteWebDriver.findElement(RemoteWebDriver.java:353)
	at org.openqa.selenium.remote.RemoteWebDriver.findElementByXPath(RemoteWebDriver.java:490)
	at org.openqa.selenium.By$ByXPath.findElement(By.java:361)
	at org.openqa.selenium.remote.RemoteWebDriver.findElement(RemoteWebDriver.java:345)
	at com.knorex.application.CampaignManagement.normalcampaign(CampaignManagement.java:13)
Caused by: org.openqa.selenium.NoSuchWindowException: Window not found. The browser window may have been closed.
Build info: version: &apos;2.48.2&apos;, revision: &apos;41bccdd&apos;, time: &apos;2015-10-09 19:55:52&apos;
System info: host: &apos;Hong-Van.local&apos;, ip: &apos;192.168.1.76&apos;, os.name: &apos;Mac OS X&apos;, os.arch: &apos;x86_64&apos;, os.version: &apos;10.11.2&apos;, java.version: &apos;1.8.0_66&apos;
Driver info: driver.version: unknown
	at &lt;anonymous class&gt;.nsCommandProcessor.prototype.execute(file:///var/folders/v1/cgyjt25s4hg5nh8gyshw_2w80000gp/T/anonymous863192560035571479webdriver-profile/extensions/fxdriver@googlecode.com/components/command-processor.js:12602)
	at &lt;anonymous class&gt;.Dispatcher.executeAs/&lt;(file:///var/folders/v1/cgyjt25s4hg5nh8gyshw_2w80000gp/T/anonymous863192560035571479webdriver-profile/extensions/fxdriver@googlecode.com/components/driver-component.js:9455)
	at &lt;anonymous class&gt;.Resource.prototype.handle(file:///var/folders/v1/cgyjt25s4hg5nh8gyshw_2w80000gp/T/anonymous863192560035571479webdriver-profile/extensions/fxdriver@googlecode.com/components/driver-component.js:9602)
	at &lt;anonymous class&gt;.Dispatcher.prototype.dispatch(file:///var/folders/v1/cgyjt25s4hg5nh8gyshw_2w80000gp/T/anonymous863192560035571479webdriver-profile/extensions/fxdriver@googlecode.com/components/driver-component.js:9549)
	at &lt;anonymous class&gt;.WebDriverServer/&lt;.handle(file:///var/folders/v1/cgyjt25s4hg5nh8gyshw_2w80000gp/T/anonymous863192560035571479webdriver-profile/extensions/fxdriver@googlecode.com/components/driver-component.js:12390)
	at &lt;anonymous class&gt;.createHandlerFunc/&lt;(file:///var/folders/v1/cgyjt25s4hg5nh8gyshw_2w80000gp/T/anonymous863192560035571479webdriver-profile/extensions/fxdriver@googlecode.com/components/httpd.js:2054)
	at &lt;anonymous class&gt;.ServerHandler.prototype.handleResponse(file:///var/folders/v1/cgyjt25s4hg5nh8gyshw_2w80000gp/T/anonymous863192560035571479webdriver-profile/extensions/fxdriver@googlecode.com/components/httpd.js:2387)
	at &lt;anonymous class&gt;.Connection.prototype.process(file:///var/folders/v1/cgyjt25s4hg5nh8gyshw_2w80000gp/T/anonymous863192560035571479webdriver-profile/extensions/fxdriver@googlecode.com/components/httpd.js:1223)
	at &lt;anonymous class&gt;.RequestReader.prototype._handleResponse(file:///var/folders/v1/cgyjt25s4hg5nh8gyshw_2w80000gp/T/anonymous863192560035571479webdriver-profile/extensions/fxdriver@googlecode.com/components/httpd.js:1677)
	at &lt;anonymous class&gt;.RequestReader.prototype._processBody(file:///var/folders/v1/cgyjt25s4hg5nh8gyshw_2w80000gp/T/anonymous863192560035571479webdriver-profile/extensions/fxdriver@googlecode.com/components/httpd.js:1525)
	at &lt;anonymous class&gt;.RequestReader.prototype.onInputStreamReady(file:///var/folders/v1/cgyjt25s4hg5nh8gyshw_2w80000gp/T/anonymous863192560035571479webdriver-profile/extensions/fxdriver@googlecode.com/components/httpd.js:1393)
... Removed 28 stack frames</div></td></tr></table><p class="totop"><a href="#summary">back to summary</a></p><h3 id="m1">com.knorex.application.UserManagement#create_internal_user</h3><table class="result"></table><p class="totop"><a href="#summary">back to summary</a></p></body></html>