<?xml version="1.0" encoding="UTF-8"?>
<testng-results skipped="0" failed="1" total="2" passed="1">
  <reporter-output>
  </reporter-output>
  <suite name="Regression testsuite" duration-ms="38358" started-at="2016-01-07T10:50:25Z" finished-at="2016-01-07T10:51:03Z">
    <groups>
    </groups>
    <test name="Regression testcases" duration-ms="38358" started-at="2016-01-07T10:50:25Z" finished-at="2016-01-07T10:51:03Z">
      <class name="com.knorex.application.UserManagement">
        <test-method status="PASS" signature="setup()[pri:0, instance:com.knorex.application.UserManagement@45d84a20]" name="setup" is-config="true" duration-ms="8075" started-at="2016-01-07T17:50:17Z" finished-at="2016-01-07T17:50:25Z">
          <reporter-output>
          </reporter-output>
        </test-method> <!-- setup -->
        <test-method status="PASS" signature="create_internal_user()[pri:0, instance:com.knorex.application.UserManagement@45d84a20]" name="create_internal_user" duration-ms="37953" started-at="2016-01-07T17:50:25Z" finished-at="2016-01-07T17:51:03Z">
          <reporter-output>
          </reporter-output>
        </test-method> <!-- create_internal_user -->
        <test-method status="PASS" signature="tearDown()[pri:0, instance:com.knorex.application.UserManagement@45d84a20]" name="tearDown" is-config="true" duration-ms="221" started-at="2016-01-07T17:51:03Z" finished-at="2016-01-07T17:51:03Z">
          <reporter-output>
          </reporter-output>
        </test-method> <!-- tearDown -->
      </class> <!-- com.knorex.application.UserManagement -->
      <class name="com.knorex.application.CampaignManagement">
        <test-method status="FAIL" signature="normalcampaign()[pri:0, instance:com.knorex.application.CampaignManagement@4007f65e]" name="normalcampaign" duration-ms="25" started-at="2016-01-07T17:51:03Z" finished-at="2016-01-07T17:51:03Z">
          <exception class="org.openqa.selenium.NoSuchWindowException">
            <message>
              <![CDATA[Window not found. The browser window may have been closed.
Command duration or timeout: 18 milliseconds
Build info: version: '2.48.2', revision: '41bccdd', time: '2015-10-09 19:55:52'
System info: host: 'Hong-Van.local', ip: '192.168.1.76', os.name: 'Mac OS X', os.arch: 'x86_64', os.version: '10.11.2', java.version: '1.8.0_66'
Driver info: org.openqa.selenium.firefox.FirefoxDriver
Capabilities [{applicationCacheEnabled=true, rotatable=false, handlesAlerts=true, databaseEnabled=true, version=43.0.4, platform=MAC, nativeEvents=false, acceptSslCerts=true, webStorageEnabled=true, locationContextEnabled=true, browserName=firefox, takesScreenshot=true, javascriptEnabled=true, cssSelectorsEnabled=true}]
Session ID: c44b5d10-a72a-3544-b82e-ff8c4046333b
*** Element info: {Using=xpath, value=id('P21')/a}]]>
            </message>
            <full-stacktrace>
              <![CDATA[org.openqa.selenium.NoSuchWindowException: Window not found. The browser window may have been closed.
Command duration or timeout: 18 milliseconds
Build info: version: '2.48.2', revision: '41bccdd', time: '2015-10-09 19:55:52'
System info: host: 'Hong-Van.local', ip: '192.168.1.76', os.name: 'Mac OS X', os.arch: 'x86_64', os.version: '10.11.2', java.version: '1.8.0_66'
Driver info: org.openqa.selenium.firefox.FirefoxDriver
Capabilities [{applicationCacheEnabled=true, rotatable=false, handlesAlerts=true, databaseEnabled=true, version=43.0.4, platform=MAC, nativeEvents=false, acceptSslCerts=true, webStorageEnabled=true, locationContextEnabled=true, browserName=firefox, takesScreenshot=true, javascriptEnabled=true, cssSelectorsEnabled=true}]
Session ID: c44b5d10-a72a-3544-b82e-ff8c4046333b
*** Element info: {Using=xpath, value=id('P21')/a}
	at sun.reflect.NativeConstructorAccessorImpl.newInstance0(Native Method)
	at sun.reflect.NativeConstructorAccessorImpl.newInstance(NativeConstructorAccessorImpl.java:62)
	at sun.reflect.DelegatingConstructorAccessorImpl.newInstance(DelegatingConstructorAccessorImpl.java:45)
	at java.lang.reflect.Constructor.newInstance(Constructor.java:422)
	at org.openqa.selenium.remote.ErrorHandler.createThrowable(ErrorHandler.java:206)
	at org.openqa.selenium.remote.ErrorHandler.throwIfResponseFailed(ErrorHandler.java:158)
	at org.openqa.selenium.remote.RemoteWebDriver.execute(RemoteWebDriver.java:647)
	at org.openqa.selenium.remote.RemoteWebDriver.findElement(RemoteWebDriver.java:353)
	at org.openqa.selenium.remote.RemoteWebDriver.findElementByXPath(RemoteWebDriver.java:490)
	at org.openqa.selenium.By$ByXPath.findElement(By.java:361)
	at org.openqa.selenium.remote.RemoteWebDriver.findElement(RemoteWebDriver.java:345)
	at com.knorex.application.CampaignManagement.normalcampaign(CampaignManagement.java:13)
	at sun.reflect.NativeMethodAccessorImpl.invoke0(Native Method)
	at sun.reflect.NativeMethodAccessorImpl.invoke(NativeMethodAccessorImpl.java:62)
	at sun.reflect.DelegatingMethodAccessorImpl.invoke(DelegatingMethodAccessorImpl.java:43)
	at java.lang.reflect.Method.invoke(Method.java:497)
	at org.testng.internal.MethodInvocationHelper.invokeMethod(MethodInvocationHelper.java:85)
	at org.testng.internal.Invoker.invokeMethod(Invoker.java:639)
	at org.testng.internal.Invoker.invokeTestMethod(Invoker.java:821)
	at org.testng.internal.Invoker.invokeTestMethods(Invoker.java:1131)
	at org.testng.internal.TestMethodWorker.invokeTestMethods(TestMethodWorker.java:124)
	at org.testng.internal.TestMethodWorker.run(TestMethodWorker.java:108)
	at org.testng.TestRunner.privateRun(TestRunner.java:773)
	at org.testng.TestRunner.run(TestRunner.java:623)
	at org.testng.SuiteRunner.runTest(SuiteRunner.java:357)
	at org.testng.SuiteRunner.runSequentially(SuiteRunner.java:352)
	at org.testng.SuiteRunner.privateRun(SuiteRunner.java:310)
	at org.testng.SuiteRunner.run(SuiteRunner.java:259)
	at org.testng.SuiteRunnerWorker.runSuite(SuiteRunnerWorker.java:52)
	at org.testng.SuiteRunnerWorker.run(SuiteRunnerWorker.java:86)
	at org.testng.TestNG.runSuitesSequentially(TestNG.java:1185)
	at org.testng.TestNG.runSuitesLocally(TestNG.java:1110)
	at org.testng.TestNG.run(TestNG.java:1018)
	at org.testng.remote.RemoteTestNG.run(RemoteTestNG.java:111)
	at org.testng.remote.RemoteTestNG.initAndRun(RemoteTestNG.java:204)
	at org.testng.remote.RemoteTestNG.main(RemoteTestNG.java:175)
Caused by: org.openqa.selenium.NoSuchWindowException: Window not found. The browser window may have been closed.
Build info: version: '2.48.2', revision: '41bccdd', time: '2015-10-09 19:55:52'
System info: host: 'Hong-Van.local', ip: '192.168.1.76', os.name: 'Mac OS X', os.arch: 'x86_64', os.version: '10.11.2', java.version: '1.8.0_66'
Driver info: driver.version: unknown
	at <anonymous class>.nsCommandProcessor.prototype.execute(file:///var/folders/v1/cgyjt25s4hg5nh8gyshw_2w80000gp/T/anonymous863192560035571479webdriver-profile/extensions/fxdriver@googlecode.com/components/command-processor.js:12602)
	at <anonymous class>.Dispatcher.executeAs/<(file:///var/folders/v1/cgyjt25s4hg5nh8gyshw_2w80000gp/T/anonymous863192560035571479webdriver-profile/extensions/fxdriver@googlecode.com/components/driver-component.js:9455)
	at <anonymous class>.Resource.prototype.handle(file:///var/folders/v1/cgyjt25s4hg5nh8gyshw_2w80000gp/T/anonymous863192560035571479webdriver-profile/extensions/fxdriver@googlecode.com/components/driver-component.js:9602)
	at <anonymous class>.Dispatcher.prototype.dispatch(file:///var/folders/v1/cgyjt25s4hg5nh8gyshw_2w80000gp/T/anonymous863192560035571479webdriver-profile/extensions/fxdriver@googlecode.com/components/driver-component.js:9549)
	at <anonymous class>.WebDriverServer/<.handle(file:///var/folders/v1/cgyjt25s4hg5nh8gyshw_2w80000gp/T/anonymous863192560035571479webdriver-profile/extensions/fxdriver@googlecode.com/components/driver-component.js:12390)
	at <anonymous class>.createHandlerFunc/<(file:///var/folders/v1/cgyjt25s4hg5nh8gyshw_2w80000gp/T/anonymous863192560035571479webdriver-profile/extensions/fxdriver@googlecode.com/components/httpd.js:2054)
	at <anonymous class>.ServerHandler.prototype.handleResponse(file:///var/folders/v1/cgyjt25s4hg5nh8gyshw_2w80000gp/T/anonymous863192560035571479webdriver-profile/extensions/fxdriver@googlecode.com/components/httpd.js:2387)
	at <anonymous class>.Connection.prototype.process(file:///var/folders/v1/cgyjt25s4hg5nh8gyshw_2w80000gp/T/anonymous863192560035571479webdriver-profile/extensions/fxdriver@googlecode.com/components/httpd.js:1223)
	at <anonymous class>.RequestReader.prototype._handleResponse(file:///var/folders/v1/cgyjt25s4hg5nh8gyshw_2w80000gp/T/anonymous863192560035571479webdriver-profile/extensions/fxdriver@googlecode.com/components/httpd.js:1677)
	at <anonymous class>.RequestReader.prototype._processBody(file:///var/folders/v1/cgyjt25s4hg5nh8gyshw_2w80000gp/T/anonymous863192560035571479webdriver-profile/extensions/fxdriver@googlecode.com/components/httpd.js:1525)
	at <anonymous class>.RequestReader.prototype.onInputStreamReady(file:///var/folders/v1/cgyjt25s4hg5nh8gyshw_2w80000gp/T/anonymous863192560035571479webdriver-profile/extensions/fxdriver@googlecode.com/components/httpd.js:1393)
]]>
            </full-stacktrace>
          </exception> <!-- org.openqa.selenium.NoSuchWindowException -->
          <reporter-output>
          </reporter-output>
        </test-method> <!-- normalcampaign -->
      </class> <!-- com.knorex.application.CampaignManagement -->
    </test> <!-- Regression testcases -->
  </suite> <!-- Regression testsuite -->
</testng-results>
